<?xml version="1.0" encoding="UTF-8"?>
<!-- Generated by org.testng.reporters.JUnitReportReporter -->
<testsuite hostname="QSP" failures="0" tests="1" name="TestNgBPG1.RoyalEnfield" time="10.765" errors="0" timestamp="2024-03-10T15:32:31 IST" skipped="0">
  <testcase classname="TestNgBPG1.RoyalEnfield" name="royalEnfield" time="10.765"/>
</testsuite> <!-- TestNgBPG1.RoyalEnfield -->
