<?xml version="1.0" encoding="UTF-8"?>
<!-- Generated by org.testng.reporters.JUnitReportReporter -->
<testsuite hostname="QSP" failures="0" tests="4" name="TestNgBasic.Launch" time="17.031" errors="0" timestamp="2024-03-10T12:41:40 IST" skipped="0">
  <testcase classname="TestNgBasic.Launch" name="indiaMart" time="3.434">
    <system-out>
      <![CDATA[indiaMart]]>
    </system-out>
  </testcase> <!-- indiaMart -->
  <testcase classname="TestNgBasic.Launch" name="easyMyTrip" time="5.816">
    <system-out>
      <![CDATA[easyMtTrip]]>
    </system-out>
  </testcase> <!-- easyMyTrip -->
  <testcase classname="TestNgBasic.Launch" name="redBus1" time="3.816">
    <system-out>
      <![CDATA[RedBus1]]>
    </system-out>
  </testcase> <!-- redBus1 -->
  <testcase classname="TestNgBasic.Launch" name="redBus" time="3.965">
    <system-out>
      <![CDATA[RedBus]]>
    </system-out>
  </testcase> <!-- redBus -->
  <system-out>
    <![CDATA[easyMtTrip
indiaMart
RedBus1
RedBus]]>
  </system-out>
</testsuite> <!-- TestNgBasic.Launch -->
