<?xml version="1.0" encoding="UTF-8"?>
<!-- Generated by org.testng.reporters.JUnitReportReporter -->
<testsuite hostname="QSP" failures="0" tests="4" name="TestNgBasic.HelpherMethods" time="16.972" errors="0" timestamp="2024-03-10T13:07:41 IST" skipped="0">
  <testcase classname="TestNgBasic.HelpherMethods" name="indiaMart" time="4.423">
    <system-out>
      <![CDATA[indiaMart]]>
    </system-out>
  </testcase> <!-- indiaMart -->
  <testcase classname="TestNgBasic.HelpherMethods" name="redBus" time="3.936">
    <system-out>
      <![CDATA[RedBus]]>
    </system-out>
  </testcase> <!-- redBus -->
  <testcase classname="TestNgBasic.HelpherMethods" name="redBus" time="3.606">
    <system-out>
      <![CDATA[RedBus]]>
    </system-out>
  </testcase> <!-- redBus -->
  <testcase classname="TestNgBasic.HelpherMethods" name="easyMyTrip" time="5.007">
    <system-out>
      <![CDATA[easyMtTrip]]>
    </system-out>
  </testcase> <!-- easyMyTrip -->
  <system-out>
    <![CDATA[indiaMart
RedBus
RedBus
easyMtTrip]]>
  </system-out>
</testsuite> <!-- TestNgBasic.HelpherMethods -->
