<?xml version="1.0" encoding="UTF-8"?>
<!-- Generated by org.testng.reporters.JUnitReportReporter -->
<testsuite hostname="QSP" failures="0" tests="1" name="POM.UseTheWebElement" time="11.687" errors="0" timestamp="2024-03-17T12:33:57 IST" skipped="0">
  <testcase classname="POM.UseTheWebElement" name="search" time="11.687"/>
</testsuite> <!-- POM.UseTheWebElement -->
