<?xml version="1.0" encoding="UTF-8"?>
<!-- Generated by org.testng.reporters.JUnitReportReporter -->
<testsuite hostname="QSP" failures="0" tests="1" name="TestNgBPG1.Honda" time="4.624" errors="0" timestamp="2024-03-10T15:32:31 IST" skipped="0">
  <testcase classname="TestNgBPG1.Honda" name="honda" time="4.624"/>
</testsuite> <!-- TestNgBPG1.Honda -->
