<?xml version="1.0" encoding="UTF-8"?>
<!-- Generated by org.testng.reporters.JUnitReportReporter -->
<testsuite hostname="QSP" failures="0" tests="1" name="TestNgBPG1.Ducati" time="10.902" errors="0" timestamp="2024-03-10T15:32:31 IST" skipped="0">
  <testcase classname="TestNgBPG1.Ducati" name="ducati" time="10.902"/>
</testsuite> <!-- TestNgBPG1.Ducati -->
