<?xml version="1.0" encoding="UTF-8"?>
<!-- Generated by org.testng.reporters.JUnitReportReporter -->
<testsuite hostname="QSP" failures="0" tests="1" name="TestNgBPG2.Puma" time="7.103" errors="0" timestamp="2024-03-10T15:33:33 IST" skipped="0">
  <testcase classname="TestNgBPG2.Puma" name="puma" time="7.103"/>
</testsuite> <!-- TestNgBPG2.Puma -->
