<?xml version="1.0" encoding="UTF-8"?>
<!-- Generated by org.testng.reporters.JUnitReportReporter -->
<testsuite hostname="QSP" failures="0" tests="1" name="TestNgBasic.ChronologicalOrder" time="0.010" errors="0" timestamp="2024-03-10T14:16:26 IST" skipped="0">
  <testcase classname="TestNgBasic.ChronologicalOrder" name="test" time="0.010"/>
</testsuite> <!-- TestNgBasic.ChronologicalOrder -->
