<?xml version="1.0" encoding="UTF-8"?>
<!-- Generated by org.testng.reporters.JUnitReportReporter -->
<testsuite hostname="QSP" failures="0" tests="1" name="TestNgBPG2.Woodland" time="8.286" errors="0" timestamp="2024-03-10T15:33:33 IST" skipped="0">
  <testcase classname="TestNgBPG2.Woodland" name="woodland" time="8.286"/>
</testsuite> <!-- TestNgBPG2.Woodland -->
