<?xml version="1.0" encoding="UTF-8"?>
<!-- Generated by org.testng.reporters.JUnitReportReporter -->
<testsuite hostname="QSP" failures="0" tests="1" name="DataProvider.HardCoded" time="6.181" errors="0" timestamp="2024-03-16T12:47:17 IST" skipped="0">
  <testcase classname="DataProvider.HardCoded" name="login" time="6.181"/>
</testsuite> <!-- DataProvider.HardCoded -->
