<?xml version="1.0" encoding="UTF-8"?>
<!-- Generated by org.testng.reporters.JUnitReportReporter -->
<testsuite hostname="QSP" failures="0" tests="1" name="TestNgBPG2.Bata" time="11.897" errors="0" timestamp="2024-03-10T15:33:33 IST" skipped="0">
  <testcase classname="TestNgBPG2.Bata" name="bata" time="11.897"/>
</testsuite> <!-- TestNgBPG2.Bata -->
