<?xml version="1.0" encoding="UTF-8"?>
<!-- Generated by org.testng.reporters.JUnitReportReporter -->
<testsuite hostname="QSP" failures="0" tests="3" name="DataProvider.DataDrivenFrameWork" time="56.559" errors="0" timestamp="2024-03-16T15:01:25 IST" skipped="0">
  <testcase classname="DataProvider.DataDrivenFrameWork" name="login" time="46.786"/>
  <testcase classname="DataProvider.DataDrivenFrameWork" name="login" time="4.308"/>
  <testcase classname="DataProvider.DataDrivenFrameWork" name="login" time="5.465"/>
</testsuite> <!-- DataProvider.DataDrivenFrameWork -->
