<?xml version="1.0" encoding="UTF-8"?>
<!-- Generated by org.testng.reporters.JUnitReportReporter -->
<testsuite hostname="QSP" failures="0" tests="1" name="DataProvider.FetchFromExcelFile" time="0.700" errors="0" timestamp="2024-03-16T14:40:05 IST" skipped="0">
  <testcase classname="DataProvider.FetchFromExcelFile" name="data" time="0.700"/>
</testsuite> <!-- DataProvider.FetchFromExcelFile -->
