<?xml version="1.0" encoding="UTF-8"?>
<!-- Generated by org.testng.reporters.JUnitReportReporter -->
<testsuite hostname="QSP" failures="0" tests="1" name="Parameters.CrossBrowserTesting" time="4.854" errors="0" timestamp="2024-03-16T11:56:20 IST" skipped="0">
  <testcase classname="Parameters.CrossBrowserTesting" name="dws2" time="4.854"/>
</testsuite> <!-- Parameters.CrossBrowserTesting -->
