<?xml version="1.0" encoding="UTF-8"?>
<!-- Generated by org.testng.reporters.JUnitReportReporter -->
<testsuite hostname="QSP" failures="0" tests="5" name="Parameters.ParameterBasic" time="55.872" errors="0" timestamp="2024-03-16T11:44:16 IST" skipped="0">
  <testcase classname="Parameters.ParameterBasic" name="dws2" time="4.150"/>
  <testcase classname="Parameters.ParameterBasic" name="dws5" time="27.512"/>
  <testcase classname="Parameters.ParameterBasic" name="dws1" time="8.090"/>
  <testcase classname="Parameters.ParameterBasic" name="dws4" time="11.371"/>
  <testcase classname="Parameters.ParameterBasic" name="dws3" time="4.749"/>
</testsuite> <!-- Parameters.ParameterBasic -->
