<?xml version="1.0" encoding="UTF-8"?>
<!-- Generated by org.testng.reporters.JUnitReportReporter -->
<testsuite hostname="QSP" failures="0" tests="2" name="DataProvider.StoreDataByUsingDataProvider" time="12.546" errors="0" timestamp="2024-03-16T13:00:42 IST" skipped="0">
  <testcase classname="DataProvider.StoreDataByUsingDataProvider" name="reciever" time="7.180"/>
  <testcase classname="DataProvider.StoreDataByUsingDataProvider" name="reciever" time="5.366"/>
</testsuite> <!-- DataProvider.StoreDataByUsingDataProvider -->
